variables and operators 2023-08-11 15:49:46,802
we are iterating through our integer list 2023-08-11 15:51:41,901
we are iterating through our integer list 2023-08-11 15:51:41,901
we are iterating through our integer list 2023-08-11 15:51:41,901
we are iterating through our integer list 2023-08-11 15:51:41,901
we are iterating through our integer list 2023-08-11 15:51:41,901
we are iterating through our integer list1 2023-08-11 15:52:05,141
we are iterating through our integer list2 2023-08-11 15:52:05,141
we are iterating through our integer list3 2023-08-11 15:52:05,141
we are iterating through our integer list4 2023-08-11 15:52:05,141
we are iterating through our integer list5 2023-08-11 15:52:05,152
we are iterating through our integer list[1, 2, 3, 4, 5] 2023-08-11 15:52:53,045
we are iterating through our integer list[1, 2, 3, 4, 5] 2023-08-11 15:52:53,045
we are iterating through our integer list[1, 2, 3, 4, 5] 2023-08-11 15:52:53,045
we are iterating through our integer list[1, 2, 3, 4, 5] 2023-08-11 15:52:53,045
we are iterating through our integer list[1, 2, 3, 4, 5] 2023-08-11 15:52:53,045
we are iterating through our integer list[1, 2, 3, 4, 5] 2023-08-11 15:54:05,857
printing number1 2023-08-11 15:54:05,857
we are iterating through our integer list[1, 2, 3, 4, 5] 2023-08-11 15:54:05,857
printing number2 2023-08-11 15:54:05,863
we are iterating through our integer list[1, 2, 3, 4, 5] 2023-08-11 15:54:05,863
printing number3 2023-08-11 15:54:05,863
we are iterating through our integer list[1, 2, 3, 4, 5] 2023-08-11 15:54:05,863
printing number4 2023-08-11 15:54:05,863
we are iterating through our integer list[1, 2, 3, 4, 5] 2023-08-11 15:54:05,863
printing number5 2023-08-11 15:54:05,863
variables and operators 2023-08-12 20:45:25,091
we are iterating through our integer list[1, 2, 3, 4, 5] 2023-08-12 20:45:25,114
printing number1 2023-08-12 20:45:25,114
we are iterating through our integer list[1, 2, 3, 4, 5] 2023-08-12 20:45:25,114
printing number2 2023-08-12 20:45:25,114
we are iterating through our integer list[1, 2, 3, 4, 5] 2023-08-12 20:45:25,114
printing number3 2023-08-12 20:45:25,114
we are iterating through our integer list[1, 2, 3, 4, 5] 2023-08-12 20:45:25,114
printing number4 2023-08-12 20:45:25,114
we are iterating through our integer list[1, 2, 3, 4, 5] 2023-08-12 20:45:25,114
printing number5 2023-08-12 20:45:25,114
Ajay Devgan 2023-08-12 20:49:46,952
variables and operators 2023-08-12 20:51:19,339
we are iterating through our integer list[1, 2, 3, 4, 5] 2023-08-12 20:51:19,347
printing number1 2023-08-12 20:51:19,347
we are iterating through our integer list[1, 2, 3, 4, 5] 2023-08-12 20:51:19,347
printing number2 2023-08-12 20:51:19,347
we are iterating through our integer list[1, 2, 3, 4, 5] 2023-08-12 20:51:19,347
printing number3 2023-08-12 20:51:19,347
we are iterating through our integer list[1, 2, 3, 4, 5] 2023-08-12 20:51:19,347
printing number4 2023-08-12 20:51:19,347
we are iterating through our integer list[1, 2, 3, 4, 5] 2023-08-12 20:51:19,347
printing number5 2023-08-12 20:51:19,347
Ajay Devgan 2023-08-12 20:51:19,413
variables and operators 2023-08-12 20:53:28,472
we are iterating through our integer list[1, 2, 3, 4, 5] 2023-08-12 20:53:28,491
printing number1 2023-08-12 20:53:28,492
we are iterating through our integer list[1, 2, 3, 4, 5] 2023-08-12 20:53:28,492
printing number2 2023-08-12 20:53:28,492
we are iterating through our integer list[1, 2, 3, 4, 5] 2023-08-12 20:53:28,494
printing number3 2023-08-12 20:53:28,494
we are iterating through our integer list[1, 2, 3, 4, 5] 2023-08-12 20:53:28,494
printing number4 2023-08-12 20:53:28,494
we are iterating through our integer list[1, 2, 3, 4, 5] 2023-08-12 20:53:28,494
printing number5 2023-08-12 20:53:28,494
Ajay Devgan 2023-08-12 20:53:28,555
variables and operators 2023-08-13 19:20:32,139
we are iterating through our integer list[1, 2, 3, 4, 5] 2023-08-13 19:20:32,156
printing number1 2023-08-13 19:20:32,156
we are iterating through our integer list[1, 2, 3, 4, 5] 2023-08-13 19:20:32,156
printing number2 2023-08-13 19:20:32,156
we are iterating through our integer list[1, 2, 3, 4, 5] 2023-08-13 19:20:32,156
printing number3 2023-08-13 19:20:32,156
we are iterating through our integer list[1, 2, 3, 4, 5] 2023-08-13 19:20:32,156
printing number4 2023-08-13 19:20:32,156
we are iterating through our integer list[1, 2, 3, 4, 5] 2023-08-13 19:20:32,156
printing number5 2023-08-13 19:20:32,156
Ajay Devgan 2023-08-13 19:20:32,197
